
> frontend@0.1.0 dev
> next dev

▲ Next.js 16.1.6 (Turbopack)
- Local:         http://localhost:3000
- Network:       http://192.168.1.11:3000

✓ Starting...
✓ Ready in 580ms
 GET /admin 200 in 256ms (compile: 177ms, render: 79ms)
(node:58363) [DEP0060] DeprecationWarning: The `util._extend` API is deprecated. Please use Object.assign() instead.
(Use `node --trace-deprecation ...` to show where the warning was created)
 GET /login 200 in 82ms (compile: 39ms, render: 43ms)
 GET /admin 200 in 43ms (compile: 17ms, render: 27ms)
 GET /admin/athletes 200 in 124ms (compile: 109ms, render: 15ms)
 GET /admin/workouts 200 in 98ms (compile: 69ms, render: 29ms)
 GET /admin/workouts 200 in 17ms (compile: 1592µs, render: 15ms)
 GET /admin/packages 200 in 70ms (compile: 57ms, render: 13ms)
 GET /admin 200 in 59ms (compile: 15ms, render: 44ms)
 GET /login 200 in 51ms (compile: 10ms, render: 41ms)
 GET /dashboard 200 in 83ms (compile: 66ms, render: 17ms)
 GET /dashboard/workout 200 in 104ms (compile: 80ms, render: 24ms)
 GET /dashboard/subscription 200 in 81ms (compile: 63ms, render: 17ms)
 GET /dashboard 200 in 69ms (compile: 44ms, render: 26ms)
 GET /dashboard/workout 200 in 26ms (compile: 6ms, render: 20ms)
 GET /login 200 in 48ms (compile: 9ms, render: 39ms)
 GET / 200 in 219ms (compile: 168ms, render: 51ms)
 GET / 200 in 64ms (compile: 27ms, render: 36ms)
 GET / 200 in 55ms (compile: 18ms, render: 37ms)
 GET /login 200 in 27ms (compile: 8ms, render: 19ms)
⚠ Cross origin request detected from jcxlm-95-234-64-120.a.free.pinggy.link to /_next/* resource. In a future major version of Next.js, you will need to explicitly configure "allowedDevOrigins" in next.config to allow this.
Read more: https://nextjs.org/docs/app/api-reference/config/next-config-js/allowedDevOrigins
 GET /admin 200 in 23ms (compile: 5ms, render: 18ms)
 GET /admin/athletes 200 in 30ms (compile: 10ms, render: 20ms)
 GET /login 200 in 56ms (compile: 11ms, render: 45ms)
✓ Compiled in 629ms
 GET /login 200 in 62ms (compile: 20ms, render: 43ms)
 GET /login 200 in 46ms (compile: 6ms, render: 39ms)
✓ Compiled in 115ms
 GET /dashboard 200 in 106ms (compile: 87ms, render: 19ms)
 GET /dashboard/workout 200 in 98ms (compile: 80ms, render: 18ms)
 GET /dashboard/workout 200 in 14ms (compile: 2ms, render: 12ms)
 GET /dashboard/workout 200 in 25ms (compile: 8ms, render: 18ms)
 GET /dashboard/subscription 200 in 86ms (compile: 71ms, render: 16ms)
 GET /dashboard 200 in 25ms (compile: 8ms, render: 17ms)
 GET /dashboard/workout 200 in 17ms (compile: 4ms, render: 14ms)
 GET /dashboard/subscription 200 in 21ms (compile: 5ms, render: 16ms)
✓ Compiled in 122ms
 GET /login 200 in 54ms (compile: 11ms, render: 43ms)
✓ Compiled in 64ms
 GET /admin 200 in 95ms (compile: 72ms, render: 23ms)
 GET /admin/athletes 200 in 105ms (compile: 85ms, render: 20ms)
 GET /admin 200 in 28ms (compile: 6ms, render: 22ms)
 GET /admin/athletes 200 in 33ms (compile: 10ms, render: 23ms)
 GET / 200 in 128ms (compile: 74ms, render: 54ms)
 GET /login 200 in 17ms (compile: 5ms, render: 11ms)
 GET /admin 200 in 23ms (compile: 8ms, render: 16ms)
 GET /admin/athletes 200 in 36ms (compile: 8ms, render: 28ms)
 GET /admin/workouts 200 in 158ms (compile: 133ms, render: 26ms)
 GET /admin/packages 200 in 131ms (compile: 106ms, render: 25ms)
 GET /admin 200 in 22ms (compile: 6ms, render: 16ms)
 GET /login 200 in 35ms (compile: 8ms, render: 26ms)
 GET /dashboard 200 in 27ms (compile: 13ms, render: 14ms)
 GET /dashboard/workout 200 in 54ms (compile: 21ms, render: 34ms)
 GET /dashboard/subscription 200 in 43ms (compile: 12ms, render: 31ms)
 GET /dashboard 200 in 39ms (compile: 9ms, render: 29ms)
 GET /admin 200 in 24ms (compile: 5ms, render: 19ms)
 GET /admin 200 in 10ms (compile: 1332µs, render: 9ms)
 GET /admin 200 in 120ms (compile: 20ms, render: 100ms)
 GET /admin 200 in 67ms (compile: 23ms, render: 44ms)
 GET /login 200 in 18ms (compile: 4ms, render: 14ms)
 GET / 200 in 118ms (compile: 69ms, render: 49ms)
 GET / 200 in 45ms (compile: 10ms, render: 35ms)
 GET /login 200 in 37ms (compile: 7ms, render: 30ms)
 GET /dashboard 200 in 82ms (compile: 37ms, render: 45ms)
 GET /dashboard/workout 200 in 119ms (compile: 61ms, render: 58ms)
 GET /dashboard/subscription 200 in 81ms (compile: 41ms, render: 40ms)
 GET /dashboard 200 in 34ms (compile: 10ms, render: 24ms)
 GET /dashboard/workout 200 in 79ms (compile: 45ms, render: 34ms)
 GET /dashboard/subscription 200 in 27ms (compile: 7ms, render: 20ms)
 GET /dashboard/workout 200 in 19ms (compile: 3ms, render: 17ms)
 GET /dashboard 200 in 26ms (compile: 7ms, render: 19ms)
 GET / 200 in 236ms (compile: 74ms, render: 161ms)
 GET /dashboard 200 in 53ms (compile: 10ms, render: 43ms)
 GET /dashboard 200 in 51ms (compile: 22ms, render: 29ms)
 GET /dashboard/workout 200 in 33ms (compile: 9ms, render: 23ms)
 GET /dashboard/subscription 200 in 35ms (compile: 8ms, render: 28ms)
 GET /dashboard/workout 200 in 12ms (compile: 1955µs, render: 10ms)
 GET /dashboard 200 in 25ms (compile: 4ms, render: 21ms)
 GET /dashboard/workout 200 in 26ms (compile: 4ms, render: 22ms)
 GET /login 200 in 52ms (compile: 5ms, render: 47ms)
 GET /admin 200 in 28ms (compile: 10ms, render: 18ms)
 GET /login 200 in 53ms (compile: 7ms, render: 46ms)
 GET / 200 in 105ms (compile: 42ms, render: 64ms)
 GET /login 200 in 20ms (compile: 4ms, render: 16ms)
 GET /admin 200 in 29ms (compile: 9ms, render: 20ms)
 GET /admin/athletes 200 in 51ms (compile: 13ms, render: 38ms)
 GET /admin/athletes/86d135b3-b755-4a94-a8cb-95b2ae369b4f 200 in 877ms (compile: 850ms, render: 27ms)
 GET /admin/workouts 200 in 48ms (compile: 7ms, render: 40ms)
 GET /admin/workouts 200 in 18ms (compile: 3ms, render: 15ms)
 GET /admin/packages 200 in 31ms (compile: 7ms, render: 24ms)
 GET /login 200 in 45ms (compile: 5ms, render: 40ms)
 GET /dashboard 200 in 14ms (compile: 5ms, render: 9ms)
 GET /dashboard/workout 200 in 37ms (compile: 11ms, render: 25ms)
 GET /dashboard/subscription 200 in 30ms (compile: 6ms, render: 24ms)
✓ Compiled in 178ms
✓ Compiled in 57ms
✓ Compiled in 116ms
